<?xml version="1.0" encoding="UTF-8"?>
<!-- Generated by org.testng.reporters.JUnitXMLReporter -->
<testsuite hostname="Chowdary" ignored="0" name="Test" tests="3" failures="1" timestamp="28 Feb 2018 07:23:59 GMT" time="70.458" errors="0">
  <testcase name="test1" time="0.016" classname="TestCases.TestCase1"/>
  <testcase name="test2" time="0.005" classname="TestCases.TestCase1">
    <failure type="java.lang.AssertionError" message="expected [true] but found [false]">
      <![CDATA[java.lang.AssertionError: expected [true] but found [false]
	at TestCases.TestCase1.test2(TestCase1.java:34)
... Removed 29 stack frames]]>
    </failure>
  </testcase> <!-- test2 -->
  <testcase name="verifyLogin" time="16.638" classname="TestCases.LoginPageTest"/>
</testsuite> <!-- Test -->
