<?xml version="1.0" encoding="UTF-8"?>
<!-- Generated by org.testng.reporters.JUnitXMLReporter -->
<testsuite hostname="Chowdary" ignored="0" name="Test" tests="4" failures="2" timestamp="25 Nov 2017 09:48:28 GMT" time="112.873" errors="0">
  <testcase name="test1" time="19.789" classname="TestCases.TestCase1"/>
  <testcase name="test2" time="18.291" classname="TestCases.TestCase1">
    <failure type="java.lang.AssertionError" message="expected [true] but found [false]">
      <![CDATA[java.lang.AssertionError: expected [true] but found [false]
	at TestCases.TestCase1.test2(TestCase1.java:51)
... Removed 33 stack frames]]>
    </failure>
  </testcase> <!-- test2 -->
  <testcase name="test3" time="29.601" classname="TestCases.TestCase1">
    <failure type="java.lang.AssertionError" message="expected [true] but found [false]">
      <![CDATA[java.lang.AssertionError: expected [true] but found [false]
	at TestCases.TestCase1.test3(TestCase1.java:61)
... Removed 33 stack frames]]>
    </failure>
  </testcase> <!-- test3 -->
  <testcase name="test4" time="5.764" classname="TestCases.TestCase1"/>
</testsuite> <!-- Test -->
