<?xml version="1.0" encoding="UTF-8" ?>
<testsuite tests="4" failures="1" name="TestCases.TestCase1" time="35.971" errors="0" skipped="1">
  <properties>
[...]
</properties>
  <testcase classname="TestCases.TestCase1" name="test1" time="6.336"/>
  <testcase classname="TestCases.TestCase1" name="test2" time="15.443">
    <failure message="expected [true] but found [false]" type="java.lang.AssertionError">java.lang.AssertionError: expected [true] but found [false]
	at org.testng.Assert.fail(Assert.java:93)
	at org.testng.Assert.failNotEquals(Assert.java:512)
	at org.testng.Assert.assertTrue(Assert.java:41)
	at org.testng.Assert.assertTrue(Assert.java:51)
	at TestCases.TestCase1.test2(TestCase1.java:51)
</failure>
    <system-out>before method
</system-out>
    <system-err>Starting ChromeDriver 2.32.498550 (9dec58e66c31bcc53a9ce3c7226f0c1c5810906a) on port 34791
Only local connections are allowed.
Nov 25, 2017 3:00:20 PM org.openqa.selenium.remote.ProtocolHandshake createSession
INFO: Detected dialect: OSS
</system-err>
  </testcase>
  <testcase classname="TestCases.TestCase1" name="test4" time="5.884"/>
  <testcase classname="TestCases.TestCase1" name="test3" time="8.308">
    <skipped/>
  </testcase>
</testsuite>