<?xml version="1.0" encoding="UTF-8"?>
<testsuite xmlns:xsi="http://www.w3.org/2001/XMLSchema-instance" xsi:noNamespaceSchemaLocation="https://maven.apache.org/surefire/maven-surefire-plugin/xsd/surefire-test-report.xsd" name="TestSuite" time="122.732" tests="4" errors="0" skipped="0" failures="2">
  <properties>
[...]
</properties>
  <testcase name="test1" classname="TestCases.TestCase1" time="19.807"/>
  <testcase name="test2" classname="TestCases.TestCase1" time="18.319">
    <failure message="expected [true] but found [false]" type="java.lang.AssertionError">java.lang.AssertionError: expected [true] but found [false]
	at TestCases.TestCase1.test2(TestCase1.java:51)
</failure>
    <system-out><![CDATA[before method
]]></system-out>
    <system-err><![CDATA[Starting ChromeDriver 2.32.498550 (9dec58e66c31bcc53a9ce3c7226f0c1c5810906a) on port 2230
Only local connections are allowed.
Nov 25, 2017 3:17:13 PM org.openqa.selenium.remote.ProtocolHandshake createSession
INFO: Detected dialect: OSS
]]></system-err>
  </testcase>
  <testcase name="test3" classname="TestCases.TestCase1" time="29.607">
    <failure message="expected [true] but found [false]" type="java.lang.AssertionError">java.lang.AssertionError: expected [true] but found [false]
	at TestCases.TestCase1.test3(TestCase1.java:61)
</failure>
    <system-out><![CDATA[screenshot taken
before method
this is test3
]]></system-out>
    <system-err><![CDATA[Starting ChromeDriver 2.32.498550 (9dec58e66c31bcc53a9ce3c7226f0c1c5810906a) on port 19990
Only local connections are allowed.
Nov 25, 2017 3:17:41 PM org.openqa.selenium.remote.ProtocolHandshake createSession
INFO: Detected dialect: OSS
]]></system-err>
  </testcase>
  <testcase name="test4" classname="TestCases.TestCase1" time="5.765"/>
</testsuite>