<?xml version="1.0" encoding="UTF-8"?>
<testng-results skipped="0" failed="0" ignored="0" total="1" passed="1">
  <reporter-output>
  </reporter-output>
  <suite name="Default suite" duration-ms="23614" started-at="2018-03-03T10:47:58Z" finished-at="2018-03-03T10:48:22Z">
    <groups>
    </groups>
    <test name="Default test" duration-ms="23614" started-at="2018-03-03T10:47:58Z" finished-at="2018-03-03T10:48:22Z">
      <class name="TestCases.HomePageTest">
        <test-method status="PASS" signature="init()[pri:0, instance:TestCases.HomePageTest@6b09bb57]" name="init" is-config="true" duration-ms="9380" started-at="2018-03-03T16:17:58Z" finished-at="2018-03-03T16:18:07Z">
          <reporter-output>
          </reporter-output>
        </test-method> <!-- init -->
        <test-method status="PASS" signature="veryfyLogoutFunctionality()[pri:0, instance:TestCases.HomePageTest@6b09bb57]" name="veryfyLogoutFunctionality" duration-ms="13366" started-at="2018-03-03T16:18:07Z" finished-at="2018-03-03T16:18:21Z">
          <reporter-output>
          </reporter-output>
        </test-method> <!-- veryfyLogoutFunctionality -->
        <test-method status="PASS" signature="quit()[pri:0, instance:TestCases.HomePageTest@6b09bb57]" name="quit" is-config="true" duration-ms="839" started-at="2018-03-03T16:18:21Z" finished-at="2018-03-03T16:18:22Z">
          <reporter-output>
          </reporter-output>
        </test-method> <!-- quit -->
      </class> <!-- TestCases.HomePageTest -->
    </test> <!-- Default test -->
  </suite> <!-- Default suite -->
</testng-results>
