<?xml version="1.0" encoding="UTF-8"?>
<!-- Generated by org.testng.reporters.JUnitXMLReporter -->
<testsuite hostname="Chowdary" ignored="0" name="Command line test" tests="4" failures="1" timestamp="25 Nov 2017 09:30:51 GMT" time="48.316" errors="0">
  <testcase name="test1" time="6.333" classname="TestCases.TestCase1"/>
  <testcase name="test2" time="15.436" classname="TestCases.TestCase1">
    <failure type="java.lang.AssertionError" message="expected [true] but found [false]">
      <![CDATA[java.lang.AssertionError: expected [true] but found [false]
	at TestCases.TestCase1.test2(TestCase1.java:51)
... Removed 38 stack frames]]>
    </failure>
  </testcase> <!-- test2 -->
  <testcase name="test4" time="5.883" classname="TestCases.TestCase1"/>
  <testcase name="test3" time="0.0" classname="TestCases.TestCase1">
    <skipped/>
  </testcase> <!-- test3 -->
</testsuite> <!-- Command line test -->
